2025-09-12 22:14:56.089 | INFO     | utils_logger:<module>:41 - Logging to file: logs\project_log.log
2025-09-12 22:14:56.089 | INFO     | __main__:main:97 - Starting CSV fetch demonstration...
2025-09-12 22:14:56.089 | INFO     | __main__:fetch_csv_file:56 - Fetching CSV data from https://raw.githubusercontent.com/MainakRepositor/Datasets/master/World%20Happiness%20Data/2020.csv...
2025-09-12 22:14:56.575 | INFO     | __main__:write_csv_file:80 - Writing CSV data to example_data\2020_happiness.csv...
2025-09-12 22:14:56.575 | INFO     | __main__:write_csv_file:84 - SUCCESS: CSV data written to example_data\2020_happiness.csv
2025-09-12 22:14:56.575 | INFO     | __main__:fetch_csv_file:60 - SUCCESS: CSV file fetched and saved as 2020_happiness.csv
2025-09-12 22:15:53.564 | INFO     | utils_logger:<module>:41 - Logging to file: logs\project_log.log
2025-09-12 22:15:53.564 | INFO     | __main__:main:97 - Starting Excel fetch demonstration...
2025-09-12 22:15:53.564 | INFO     | __main__:fetch_excel_file:56 - Fetching Excel data from https://raw.githubusercontent.com/denisecase/datafun-03-analytics/main/hosted/Feedback.xlsx...
2025-09-12 22:15:54.033 | INFO     | __main__:write_excel_file:80 - Writing Excel data to example_data\Feedback.xlsx...
2025-09-12 22:15:54.033 | INFO     | __main__:write_excel_file:84 - SUCCESS: Excel data written to example_data\Feedback.xlsx
2025-09-12 22:15:54.033 | INFO     | __main__:fetch_excel_file:60 - SUCCESS: Excel file fetched and saved as Feedback.xlsx
2025-09-12 22:16:07.826 | INFO     | utils_logger:<module>:41 - Logging to file: logs\project_log.log
2025-09-12 22:16:07.826 | INFO     | __main__:main:98 - Starting JSON fetch demonstration...
2025-09-12 22:16:07.826 | INFO     | __main__:fetch_json_file:57 - Fetching JSON data from http://api.open-notify.org/astros.json...
2025-09-12 22:16:08.077 | INFO     | __main__:write_json_file:81 - Writing JSON data to example_data\astros.json...
2025-09-12 22:16:08.077 | INFO     | __main__:write_json_file:85 - SUCCESS: JSON data written to example_data\astros.json
2025-09-12 22:16:08.077 | INFO     | __main__:fetch_json_file:61 - SUCCESS: JSON file fetched and saved as astros.json
2025-09-12 22:16:14.762 | INFO     | utils_logger:<module>:41 - Logging to file: logs\project_log.log
2025-09-12 22:16:14.762 | INFO     | __main__:main:97 - Starting text fetch demonstration...
2025-09-12 22:16:14.778 | INFO     | __main__:fetch_txt_file:56 - Fetching text data from https://raw.githubusercontent.com/denisecase/datafun-03-analytics/main/hosted/romeo.txt...
2025-09-12 22:16:16.503 | INFO     | __main__:write_txt_file:80 - Writing data to example_data\romeo.txt...
2025-09-12 22:16:16.515 | INFO     | __main__:write_txt_file:84 - SUCCESS: Data written to example_data\romeo.txt
2025-09-12 22:16:16.515 | INFO     | __main__:fetch_txt_file:60 - SUCCESS: Text file fetched and saved as romeo.txt
2025-09-12 22:28:26.475 | INFO     | utils_logger:<module>:41 - Logging to file: logs\project_log.log
2025-09-12 22:28:26.475 | INFO     | __main__:<module>:96 - Starting CSV processing...
2025-09-12 22:28:26.494 | INFO     | __main__:process_csv_file:89 - Processed CSV file: requested_data\2020_happiness.csv, Statistics saved to: processed_data\happiness_ladder_score_stats.txt
2025-09-12 22:28:26.495 | INFO     | __main__:<module>:98 - CSV processing complete.
2025-09-12 22:29:24.384 | INFO     | utils_logger:<module>:41 - Logging to file: logs\project_log.log
2025-09-12 22:29:24.384 | INFO     | __main__:<module>:96 - Starting CSV processing...
2025-09-12 22:29:24.384 | INFO     | __main__:process_csv_file:89 - Processed CSV file: requested_data\2020_happiness.csv, Statistics saved to: data_processed\happiness_ladder_score_stats.txt
2025-09-12 22:29:24.384 | INFO     | __main__:<module>:98 - CSV processing complete.
2025-09-12 22:33:49.355 | INFO     | utils_logger:<module>:41 - Logging to file: logs\project_log.log
2025-09-12 22:33:49.355 | INFO     | __main__:main:97 - Starting CSV fetch demonstration...
2025-09-12 22:33:49.355 | INFO     | __main__:fetch_csv_file:56 - Fetching CSV data from https://raw.githubusercontent.com/MainakRepositor/Datasets/master/World%20Happiness%20Data/2020.csv...
2025-09-12 22:33:49.816 | INFO     | __main__:write_csv_file:80 - Writing CSV data to example_data\2020_happiness.csv...
2025-09-12 22:33:49.831 | INFO     | __main__:write_csv_file:84 - SUCCESS: CSV data written to example_data\2020_happiness.csv
2025-09-12 22:33:49.831 | INFO     | __main__:fetch_csv_file:60 - SUCCESS: CSV file fetched and saved as 2020_happiness.csv
2025-09-12 22:48:52.972 | INFO     | utils_logger:<module>:41 - Logging to file: logs\project_log.log
2025-09-12 22:48:52.972 | INFO     | __main__:main:98 - Starting CSV fetch demonstration...
2025-09-12 22:48:52.972 | INFO     | __main__:fetch_csv_file:56 - Fetching CSV data from https://github.com/MainakRepositor/Datasets/blob/master/Cryptocurrency/bitcoin.csv...
2025-09-12 22:48:53.762 | INFO     | __main__:write_csv_file:80 - Writing CSV data to requested_data\2020_happiness.csv...
2025-09-12 22:48:53.762 | INFO     | __main__:write_csv_file:84 - SUCCESS: CSV data written to requested_data\2020_happiness.csv
2025-09-12 22:48:53.762 | INFO     | __main__:fetch_csv_file:60 - SUCCESS: CSV file fetched and saved as 2020_happiness.csv
2025-09-12 22:55:55.884 | INFO     | utils_logger:<module>:41 - Logging to file: logs\project_log.log
2025-09-12 22:55:55.884 | INFO     | __main__:main:97 - Starting CSV fetch demonstration...
2025-09-12 22:55:55.884 | INFO     | __main__:fetch_csv_file:56 - Fetching CSV data from https://raw.githubusercontent.com/fivethirtyeight/data/master/avocado-prices/avocado.csv...
2025-09-12 22:55:56.370 | ERROR    | __main__:fetch_csv_file:62 - HTTP error occurred: 404 Client Error: Not Found for url: https://raw.githubusercontent.com/fivethirtyeight/data/master/avocado-prices/avocado.csv
2025-09-12 23:02:13.179 | INFO     | utils_logger:<module>:41 - Logging to file: logs\project_log.log
2025-09-12 23:02:13.179 | INFO     | __main__:main:97 - Starting CSV fetch...
2025-09-12 23:02:13.179 | INFO     | __main__:fetch_csv_file:56 - Fetching CSV data from https://raw.githubusercontent.com/fivethirtyeight/data/master/airline-safety/airline-safety.csv...
2025-09-12 23:02:13.570 | INFO     | __main__:write_csv_file:80 - Writing CSV data to requested_data\airline_safety.csv...
2025-09-12 23:02:13.570 | INFO     | __main__:write_csv_file:84 - SUCCESS: CSV data written to requested_data\airline_safety.csv
2025-09-12 23:02:13.570 | INFO     | __main__:fetch_csv_file:60 - SUCCESS: CSV file fetched and saved as airline_safety.csv
2025-09-12 23:38:25.105 | INFO     | utils_logger:<module>:41 - Logging to file: logs\project_log.log
2025-09-12 23:38:25.105 | INFO     | __main__:<module>:90 - Starting CSV processing...
2025-09-12 23:38:25.130 | INFO     | __main__:process_csv_file:83 - Processed CSV file: requested_data\airline_safety.csv, Statistics saved to: data_processed\airline_safety_stats.txt
2025-09-12 23:38:25.130 | INFO     | __main__:<module>:92 - CSV processing complete.
2025-09-12 23:42:11.992 | INFO     | utils_logger:<module>:41 - Logging to file: logs\project_log.log
2025-09-12 23:42:11.992 | INFO     | __main__:<module>:88 - Starting CSV processing...
2025-09-12 23:42:12.005 | INFO     | __main__:process_csv_file:81 - Processed CSV file: requested_data\airline_safety.csv, Statistics saved to: data_processed\airline_safety_stats.txt
2025-09-12 23:42:12.005 | INFO     | __main__:<module>:90 - CSV processing complete.
2025-09-12 23:56:35.337 | INFO     | utils_logger:<module>:41 - Logging to file: logs\project_log.log
2025-09-12 23:56:35.337 | INFO     | __main__:main:97 - Starting Excel fetch demonstration...
2025-09-12 23:56:35.337 | INFO     | __main__:fetch_excel_file:56 - Fetching Excel data from https://github.com/chris1610/pbpython/blob/master/data/cereal_data.csv...
2025-09-12 23:56:36.015 | INFO     | __main__:write_excel_file:80 - Writing Excel data to requested_data\cereal_data.xlsx...
2025-09-12 23:56:36.015 | INFO     | __main__:write_excel_file:84 - SUCCESS: Excel data written to requested_data\cereal_data.xlsx
2025-09-12 23:56:36.015 | INFO     | __main__:fetch_excel_file:60 - SUCCESS: Excel file fetched and saved as cereal_data.xlsx
2025-09-12 23:58:06.397 | INFO     | utils_logger:<module>:41 - Logging to file: logs\project_log.log
2025-09-12 23:58:06.397 | INFO     | __main__:main:97 - Starting Excel fetch demonstration...
2025-09-12 23:58:06.397 | INFO     | __main__:fetch_excel_file:56 - Fetching Excel data from https://raw.githubusercontent.com/denisecase/datafun-03-analytics/main/hosted/Feedback.xlsx...
2025-09-12 23:58:06.870 | INFO     | __main__:write_excel_file:80 - Writing Excel data to requested_data\Feedback.xlsx...
2025-09-12 23:58:06.870 | INFO     | __main__:write_excel_file:84 - SUCCESS: Excel data written to requested_data\Feedback.xlsx
2025-09-12 23:58:06.870 | INFO     | __main__:fetch_excel_file:60 - SUCCESS: Excel file fetched and saved as Feedback.xlsx
2025-09-12 23:59:11.576 | INFO     | utils_logger:<module>:41 - Logging to file: logs\project_log.log
2025-09-12 23:59:11.576 | INFO     | __main__:main:97 - Starting Excel fetch demonstration...
2025-09-12 23:59:11.576 | INFO     | __main__:fetch_excel_file:56 - Fetching Excel data from https://github.com/chris1610/pbpython/raw/master/data/sample-salesv3.xlsx...
2025-09-12 23:59:12.596 | INFO     | __main__:write_excel_file:80 - Writing Excel data to requested_data\sample_sales.xlsx...
2025-09-12 23:59:12.598 | INFO     | __main__:write_excel_file:84 - SUCCESS: Excel data written to requested_data\sample_sales.xlsx
2025-09-12 23:59:12.598 | INFO     | __main__:fetch_excel_file:60 - SUCCESS: Excel file fetched and saved as sample_sales.xlsx
2025-09-13 00:07:30.217 | INFO     | utils_logger:<module>:41 - Logging to file: logs\project_log.log
2025-09-13 00:07:30.218 | INFO     | __main__:<module>:80 - Starting Excel processing...
2025-09-13 00:08:26.219 | INFO     | utils_logger:<module>:41 - Logging to file: logs\project_log.log
2025-09-13 00:08:26.220 | INFO     | __main__:<module>:81 - Starting Excel processing...
2025-09-13 00:09:13.208 | INFO     | utils_logger:<module>:41 - Logging to file: logs\project_log.log
2025-09-13 00:09:13.208 | INFO     | __main__:<module>:81 - Starting Excel processing...
2025-09-13 00:10:21.998 | INFO     | utils_logger:<module>:41 - Logging to file: logs\project_log.log
2025-09-13 00:10:21.998 | INFO     | __main__:<module>:81 - Starting Excel processing...
2025-09-13 00:10:22.139 | INFO     | __main__:process_excel_file:74 - Processed Excel file: requested_data\sample_sales.xlsx, Word count saved to: data_processed\excel_company_llc_count.txt
2025-09-13 00:10:22.140 | INFO     | __main__:<module>:83 - Excel processing complete.
2025-09-13 00:11:53.168 | INFO     | utils_logger:<module>:41 - Logging to file: logs\project_log.log
2025-09-13 00:11:53.168 | INFO     | __main__:<module>:81 - Starting Excel processing...
2025-09-13 00:11:53.240 | ERROR    | __main__:count_word_in_column:46 - Error reading Excel file: name is not a valid coordinate or range
2025-09-13 00:11:53.305 | INFO     | __main__:process_excel_file:74 - Processed Excel file: requested_data\sample_sales.xlsx, Word count saved to: data_processed\excel_company_llc_count.txt
2025-09-13 00:11:53.305 | INFO     | __main__:<module>:83 - Excel processing complete.
2025-09-13 00:12:24.229 | INFO     | utils_logger:<module>:41 - Logging to file: logs\project_log.log
2025-09-13 00:12:24.229 | INFO     | __main__:<module>:81 - Starting Excel processing...
2025-09-13 00:12:24.303 | ERROR    | __main__:count_word_in_column:46 - Error reading Excel file: name is not a valid coordinate or range
2025-09-13 00:12:24.368 | INFO     | __main__:process_excel_file:74 - Processed Excel file: requested_data\sample_sales.xlsx, Word count saved to: data_processed\excel_company_llc_count.txt
2025-09-13 00:12:24.368 | INFO     | __main__:<module>:83 - Excel processing complete.
2025-09-13 00:14:14.852 | INFO     | utils_logger:<module>:41 - Logging to file: logs\project_log.log
2025-09-13 00:14:14.852 | INFO     | __main__:<module>:80 - Starting Excel processing...
2025-09-13 00:14:14.852 | ERROR    | __main__:count_word_in_column:48 - Error reading Excel file: name 'input_file' is not defined
2025-09-13 00:14:14.854 | INFO     | __main__:process_excel_file:73 - Processed Excel file: requested_data\sample_sales.xlsx, Word count saved to: data_processed\excel_company_llc_count.txt
2025-09-13 00:14:14.854 | INFO     | __main__:<module>:82 - Excel processing complete.
2025-09-13 00:14:54.380 | INFO     | utils_logger:<module>:41 - Logging to file: logs\project_log.log
2025-09-13 00:14:54.380 | INFO     | __main__:<module>:80 - Starting Excel processing...
2025-09-13 00:14:54.448 | INFO     | __main__:process_excel_file:73 - Processed Excel file: requested_data\sample_sales.xlsx, Word count saved to: data_processed\excel_company_llc_count.txt
2025-09-13 00:14:54.448 | INFO     | __main__:<module>:82 - Excel processing complete.
2025-09-13 00:26:34.137 | INFO     | utils_logger:<module>:41 - Logging to file: logs\project_log.log
2025-09-13 00:26:34.137 | INFO     | __main__:main:95 - Starting JSON fetch...
2025-09-13 00:26:34.137 | INFO     | __main__:fetch_json_file:54 - Fetching JSON data from http://api.open-notify.org/iss-now.json...
2025-09-13 00:26:35.388 | INFO     | __main__:write_json_file:78 - Writing JSON data to requested_data\iss_location.json...
2025-09-13 00:26:35.389 | INFO     | __main__:write_json_file:82 - SUCCESS: JSON data written to requested_data\iss_location.json
2025-09-13 00:26:35.390 | INFO     | __main__:fetch_json_file:58 - SUCCESS: JSON file fetched and saved as iss_location.json
2025-09-13 00:33:19.940 | INFO     | utils_logger:<module>:41 - Logging to file: logs\project_log.log
2025-09-13 00:33:19.940 | INFO     | __main__:<module>:103 - Starting JSON processing...
2025-09-13 00:33:19.947 | INFO     | __main__:process_json_file:96 - Processed JSON file: requested_data\iss_location.json, Results saved to: data_processed\iss_location_analysis.txt
2025-09-13 00:33:19.948 | INFO     | __main__:<module>:105 - JSON processing complete.
2025-09-13 00:34:09.771 | INFO     | utils_logger:<module>:41 - Logging to file: logs\project_log.log
2025-09-13 00:34:09.771 | INFO     | __main__:<module>:103 - Starting JSON processing...
2025-09-13 00:34:09.772 | INFO     | __main__:process_json_file:96 - Processed JSON file: requested_data\iss_location.json, Results saved to: data_processed\iss_location_analysis.txt
2025-09-13 00:34:09.772 | INFO     | __main__:<module>:105 - JSON processing complete.
2025-09-13 00:39:42.113 | INFO     | utils_logger:<module>:41 - Logging to file: logs\project_log.log
2025-09-13 00:39:42.113 | INFO     | __main__:main:97 - Starting text fetch demonstration...
2025-09-13 00:39:42.114 | INFO     | __main__:fetch_txt_file:56 - Fetching text data from https://www.gutenberg.org/files/345/345-0.txt...
2025-09-13 00:39:42.783 | INFO     | __main__:write_txt_file:80 - Writing data to requested_data\dracula.txt...
2025-09-13 00:41:39.221 | INFO     | utils_logger:<module>:41 - Logging to file: logs\project_log.log
2025-09-13 00:41:39.221 | INFO     | __main__:main:97 - Starting text fetch demonstration...
2025-09-13 00:41:39.221 | INFO     | __main__:fetch_txt_file:56 - Fetching text data from https://www.gutenberg.org/files/345/345-0.txt...
2025-09-13 00:41:39.851 | INFO     | __main__:write_txt_file:80 - Writing data to requested_data\dracula.txt...
2025-09-13 00:41:39.854 | INFO     | __main__:write_txt_file:84 - SUCCESS: Data written to requested_data\dracula.txt
2025-09-13 00:41:39.855 | INFO     | __main__:fetch_txt_file:60 - SUCCESS: Text file fetched and saved as dracula.txt
2025-09-13 00:43:44.630 | INFO     | utils_logger:<module>:41 - Logging to file: logs\project_log.log
2025-09-13 00:43:44.630 | INFO     | __main__:<module>:67 - Starting text processing...
2025-09-13 00:43:44.642 | ERROR    | __main__:count_word_occurrences:37 - Error reading text file: 'charmap' codec can't decode byte 0x9d in position 1953: character maps to <undefined>
2025-09-13 00:43:44.643 | INFO     | __main__:process_text_file:60 - Processed text file: requested_data\dracula.txt, Word count saved to: data_processed\text_dracula_word_count.txt
2025-09-13 00:43:44.644 | INFO     | __main__:<module>:69 - Text processing complete.
2025-09-13 00:44:09.165 | INFO     | utils_logger:<module>:41 - Logging to file: logs\project_log.log
2025-09-13 00:44:09.165 | INFO     | __main__:<module>:67 - Starting text processing...
2025-09-13 00:44:09.165 | ERROR    | __main__:count_word_occurrences:37 - Error reading text file: 'charmap' codec can't decode byte 0x9d in position 1953: character maps to <undefined>
2025-09-13 00:44:09.165 | INFO     | __main__:process_text_file:60 - Processed text file: requested_data\dracula.txt, Word count saved to: data_processed\text_dracula_word_count.txt
2025-09-13 00:44:09.165 | INFO     | __main__:<module>:69 - Text processing complete.
2025-09-13 00:44:33.829 | INFO     | utils_logger:<module>:41 - Logging to file: logs\project_log.log
2025-09-13 00:44:33.830 | INFO     | __main__:<module>:67 - Starting text processing...
2025-09-13 00:44:33.831 | ERROR    | __main__:count_word_occurrences:37 - Error reading text file: 'charmap' codec can't decode byte 0x9d in position 1953: character maps to <undefined>
2025-09-13 00:44:33.831 | INFO     | __main__:process_text_file:60 - Processed text file: requested_data\dracula.txt, Word count saved to: data_processed\text_dracula_word_count.txt
2025-09-13 00:44:33.831 | INFO     | __main__:<module>:69 - Text processing complete.
2025-09-13 00:48:04.050 | INFO     | utils_logger:<module>:41 - Logging to file: logs\project_log.log
2025-09-13 00:48:04.050 | INFO     | __main__:<module>:71 - Starting text processing...
2025-09-13 00:48:04.073 | INFO     | __main__:process_text_file:64 - Processed text file: requested_data\dracula.txt, Word count saved to: data_processed\text_dracula_word_count.txt
2025-09-13 00:48:04.073 | INFO     | __main__:<module>:73 - Text processing complete.
